0 info it worked if it ends with ok
1 verbose cli [ 'node', '/home/evgeny/.linuxbrew/bin/npm', 'start' ]
2 info using npm@2.10.1
3 info using node@v0.12.4
4 verbose node symlink /home/evgeny/.linuxbrew/bin/node
5 verbose stack Error: missing script: start
5 verbose stack     at run (/home/evgeny/.linuxbrew/lib/node_modules/npm/lib/run-script.js:142:19)
5 verbose stack     at /home/evgeny/.linuxbrew/lib/node_modules/npm/lib/run-script.js:58:5
5 verbose stack     at /home/evgeny/.linuxbrew/lib/node_modules/npm/node_modules/read-package-json/read-json.js:345:5
5 verbose stack     at checkBinReferences_ (/home/evgeny/.linuxbrew/lib/node_modules/npm/node_modules/read-package-json/read-json.js:309:45)
5 verbose stack     at final (/home/evgeny/.linuxbrew/lib/node_modules/npm/node_modules/read-package-json/read-json.js:343:3)
5 verbose stack     at then (/home/evgeny/.linuxbrew/lib/node_modules/npm/node_modules/read-package-json/read-json.js:113:5)
5 verbose stack     at /home/evgeny/.linuxbrew/lib/node_modules/npm/node_modules/read-package-json/read-json.js:284:20
5 verbose stack     at evalmachine.<anonymous>:263:20
5 verbose stack     at OpenReq.Req.done (/home/evgeny/.linuxbrew/lib/node_modules/npm/node_modules/graceful-fs/graceful-fs.js:141:5)
5 verbose stack     at OpenReq.done (/home/evgeny/.linuxbrew/lib/node_modules/npm/node_modules/graceful-fs/graceful-fs.js:61:22)
6 verbose cwd /home/evgeny/Documents/study/2261/proj/BackEnd
7 error Linux 3.16.0-44-generic
8 error argv "node" "/home/evgeny/.linuxbrew/bin/npm" "start"
9 error node v0.12.4
10 error npm  v2.10.1
11 error missing script: start
12 error If you need help, you may report this error at:
12 error     <https://github.com/npm/npm/issues>
13 verbose exit [ 1, true ]
